#
# A fatal error has been detected by the Java Runtime Environment:
#
#  Internal Error (javaCalls.cpp:51), pid=15224, tid=0x0000000000004ff4
#  guarantee(thread->is_Java_thread()) failed: crucial check - the VM thread cannot and must not escape to Java code
#
# JRE version: OpenJDK Runtime Environment (8.0_352-b08) (build 1.8.0_352-b08)
# Java VM: OpenJDK 64-Bit Server VM (25.352-b08 mixed mode windows-amd64 compressed oops)
# Failed to write core dump. Minidumps are not enabled by default on client versions of Windows
#
# If you would like to submit a bug report, please visit:
#   https://github.com/adoptium/adoptium-support/issues
#

---------------  T H R E A D  ---------------

Current thread (0x000002182c2ab000):  VMThread [stack: 0x0000007138800000,0x0000007138900000] [id=20468]

Stack: [0x0000007138800000,0x0000007138900000]
[error occurred during error reporting (printing stack bounds), id 0xc0000005]

Native frames: (J=compiled Java code, j=interpreted, Vv=VM code, C=native code)

VM_Operation (0x0000007138dff7f0): GetOrSetLocal, mode: safepoint, requested by thread 0x000002182f005800


---------------  P R O C E S S  ---------------

Java Threads: ( => current thread )
  0x0000021831593000 JavaThread "pool-3-thread-2" [_thread_blocked, id=18844, stack(0x0000007137700000,0x0000007137800000)]
  0x0000021831595800 JavaThread "Thread-25" [_thread_blocked, id=5520, stack(0x000000713b960000,0x000000713ba60000)]
  0x000002183158c000 JavaThread "pool-3-thread-1" [_thread_blocked, id=3612, stack(0x000000713a200000,0x000000713a300000)]
  0x0000021831594000 JavaThread "Thread-16" [_thread_blocked, id=12300, stack(0x000000713b860000,0x000000713b960000)]
  0x0000021831596800 JavaThread "Thread-14" [_thread_blocked, id=22012, stack(0x000000713ba60000,0x000000713bb60000)]
  0x000002183158b800 JavaThread "Thread-12" [_thread_blocked, id=13560, stack(0x000000713b660000,0x000000713b760000)]
  0x000002183158d800 JavaThread "TimerQueue" daemon [_thread_blocked, id=22008, stack(0x000000713b560000,0x000000713b660000)]
  0x0000021831591800 JavaThread "Thread-9" [_thread_blocked, id=14376, stack(0x000000713b460000,0x000000713b560000)]
  0x000002183158a800 JavaThread "D3D Screen Updater" daemon [_thread_blocked, id=1312, stack(0x000000713b350000,0x000000713b450000)]
  0x000002183158e800 JavaThread "DestroyJavaVM" [_thread_blocked, id=3932, stack(0x0000007137a00000,0x0000007137b00000)]
  0x0000021831591000 JavaThread "Thread-6" [_thread_blocked, id=19560, stack(0x000000713af50000,0x000000713b050000)]
  0x000002183158d000 JavaThread "Thread-5" daemon [_thread_blocked, id=2724, stack(0x000000713ae50000,0x000000713af50000)]
  0x000002182f186000 JavaThread "Substance heap status" daemon [_thread_blocked, id=21984, stack(0x000000713ad50000,0x000000713ae50000)]
  0x000002182f185000 JavaThread "Trident pulse source thread" daemon [_thread_blocked, id=8480, stack(0x000000713ac50000,0x000000713ad50000)]
  0x000002182f184800 JavaThread "Trident callback thread" daemon [_thread_blocked, id=3752, stack(0x000000713ab50000,0x000000713ac50000)]
  0x000002182f183800 JavaThread "pool-2-thread-5" [_thread_blocked, id=5816, stack(0x000000713aa50000,0x000000713ab50000)]
  0x000002182f183000 JavaThread "pool-2-thread-4" [_thread_blocked, id=2904, stack(0x000000713a950000,0x000000713aa50000)]
  0x0000021831286000 JavaThread "pool-2-thread-3" [_thread_blocked, id=18296, stack(0x000000713a850000,0x000000713a950000)]
  0x0000021831285800 JavaThread "pool-2-thread-2" [_thread_blocked, id=20096, stack(0x000000713a750000,0x000000713a850000)]
  0x0000021831284800 JavaThread "pool-2-thread-1" [_thread_blocked, id=14392, stack(0x000000713a650000,0x000000713a750000)]
  0x0000021831121800 JavaThread "AWT-EventQueue-0" [_thread_blocked, id=7736, stack(0x000000713a450000,0x000000713a550000)]
  0x0000021831121000 JavaThread "AWT-Shutdown" [_thread_blocked, id=18976, stack(0x000000713a000000,0x000000713a100000)]
  0x000002183007a800 JavaThread "AWT-Windows" daemon [_thread_in_native, id=15756, stack(0x000000713a100000,0x000000713a200000)]
  0x0000021830073800 JavaThread "Java2D Disposer" daemon [_thread_blocked, id=21472, stack(0x0000007139f00000,0x000000713a000000)]
  0x000002182f216800 JavaThread "Service Thread" daemon [_thread_blocked, id=3204, stack(0x0000007139c00000,0x0000007139d00000)]
  0x000002182f180800 JavaThread "C1 CompilerThread11" daemon [_thread_blocked, id=552, stack(0x0000007139b00000,0x0000007139c00000)]
  0x000002182f17f800 JavaThread "C1 CompilerThread10" daemon [_thread_blocked, id=5812, stack(0x0000007139a00000,0x0000007139b00000)]
  0x000002182f181000 JavaThread "C1 CompilerThread9" daemon [_thread_blocked, id=8736, stack(0x0000007139900000,0x0000007139a00000)]
  0x000002182f182000 JavaThread "C1 CompilerThread8" daemon [_thread_blocked, id=18744, stack(0x0000007139800000,0x0000007139900000)]
  0x000002182f17f000 JavaThread "C2 CompilerThread7" daemon [_thread_blocked, id=11020, stack(0x0000007139700000,0x0000007139800000)]
  0x000002182f16e000 JavaThread "C2 CompilerThread6" daemon [_thread_blocked, id=14800, stack(0x0000007139600000,0x0000007139700000)]
  0x000002182f13b800 JavaThread "C2 CompilerThread5" daemon [_thread_blocked, id=13276, stack(0x0000007139500000,0x0000007139600000)]
  0x000002182f138800 JavaThread "C2 CompilerThread4" daemon [_thread_blocked, id=12396, stack(0x0000007139400000,0x0000007139500000)]
  0x000002182f134000 JavaThread "C2 CompilerThread3" daemon [_thread_blocked, id=18700, stack(0x0000007139300000,0x0000007139400000)]
  0x000002182f133000 JavaThread "C2 CompilerThread2" daemon [_thread_blocked, id=20160, stack(0x0000007139200000,0x0000007139300000)]
  0x000002182f132000 JavaThread "C2 CompilerThread1" daemon [_thread_blocked, id=1356, stack(0x0000007139100000,0x0000007139200000)]
  0x000002182f12f800 JavaThread "C2 CompilerThread0" daemon [_thread_blocked, id=18508, stack(0x0000007139000000,0x0000007139100000)]
  0x000002182f012800 JavaThread "JDWP Command Reader" daemon [_thread_in_native, id=12292, stack(0x0000007138f00000,0x0000007139000000)]
  0x000002182f008000 JavaThread "JDWP Event Helper Thread" daemon [_thread_blocked, id=4628, stack(0x0000007138e00000,0x0000007138f00000)]
  0x000002182f005800 JavaThread "JDWP Transport Listener: dt_socket" daemon [_thread_blocked, id=19952, stack(0x0000007138d00000,0x0000007138e00000)]
  0x000002182efd9000 JavaThread "Attach Listener" daemon [_thread_blocked, id=22236, stack(0x0000007138c00000,0x0000007138d00000)]
  0x000002182efd8000 JavaThread "Signal Dispatcher" daemon [_thread_blocked, id=17284, stack(0x0000007138b00000,0x0000007138c00000)]
  0x000002182c2bc000 JavaThread "Finalizer" daemon [_thread_blocked, id=15420, stack(0x0000007138a00000,0x0000007138b00000)]
  0x000002182c2b5800 JavaThread "Reference Handler" daemon [_thread_blocked, id=3712, stack(0x0000007138900000,0x0000007138a00000)]

Other Threads:
=>0x000002182c2ab000 VMThread [stack: 0x0000007138800000,0x0000007138900000] [id=20468]
  0x000002182f217000 WatcherThread [stack: 0x0000007139d00000,0x0000007139e00000] [id=13484]

VM state:at safepoint (normal execution)

VM Mutex/Monitor currently owned by a thread:  ([mutex/lock_event])
[0x0000021807fcb6d0] Threads_lock - owner thread: 0x000002182c2ab000

heap address: 0x00000005c1200000, size: 8174 MB, Compressed Oops mode: Zero based, Oop shift amount: 3
Narrow klass base: 0x0000000000000000, Narrow klass shift: 3
Compressed class space size: 1073741824 Address: 0x00000007c0000000

Heap:
 PSYoungGen      total 692224K, used 155717K [0x0000000715b80000, 0x0000000743f80000, 0x00000007c0000000)
  eden space 627712K, 24% used [0x0000000715b80000,0x000000071f391630,0x000000073c080000)
  from space 64512K, 0% used [0x0000000740080000,0x0000000740080000,0x0000000743f80000)
  to   space 65024K, 0% used [0x000000073c080000,0x000000073c080000,0x0000000740000000)
 ParOldGen       total 345600K, used 130664K [0x00000005c1200000, 0x00000005d6380000, 0x0000000715b80000)
  object space 345600K, 37% used [0x00000005c1200000,0x00000005c919a350,0x00000005d6380000)
 Metaspace       used 40528K, capacity 41559K, committed 41600K, reserved 1087488K
  class space    used 4210K, capacity 4444K, committed 4480K, reserved 1048576K

Card table byte_map: [0x0000021818db0000,0x0000021819db0000] byte_map_base: 0x0000021815fa7000

Marking Bits: (ParMarkBitMap*) 0x00000000563a3820
 Begin Bits: [0x000002181a860000, 0x0000021822818000)
 End Bits:   [0x0000021822818000, 0x000002182a7d0000)

Polling page: 0x0000021807f80000

CodeCache: size=245760Kb used=38323Kb max_used=39284Kb free=207436Kb
 bounds [0x00000218099f0000, 0x000002180c0f0000, 0x00000218189f0000]
 total_blobs=8673 nmethods=7893 adapters=696
 compilation: enabled

Compilation events (10 events):
Event: 318.483 Thread 0x000002182f182000 nmethod 10268 0x000002180a688150 code [0x000002180a688360, 0x000002180a689070]
Event: 318.483 Thread 0x000002182f182000 10276       3       sun.util.locale.LanguageTag::isExtlang (21 bytes)
Event: 318.483 Thread 0x000002182f17f800 nmethod 10274 0x000002180bb9c150 code [0x000002180bb9c300, 0x000002180bb9c980]
Event: 318.483 Thread 0x000002182f17f800 10277       3       sun.util.locale.InternalLocaleBuilder::getLocaleExtensions (65 bytes)
Event: 318.483 Thread 0x000002182f180800 nmethod 10275 0x000002180a687010 code [0x000002180a687220, 0x000002180a687d00]
Event: 318.484 Thread 0x000002182f181000 nmethod 10269 0x000002180a684b50 code [0x000002180a684e80, 0x000002180a6864a0]
Event: 318.484 Thread 0x000002182f182000 nmethod 10276 0x000002180a683d90 code [0x000002180a683f60, 0x000002180a6847d0]
Event: 318.484 Thread 0x000002182f17f800 nmethod 10277 0x000002180a683050 code [0x000002180a683240, 0x000002180a683b30]
Event: 321.751 Thread 0x000002182f180800 10278       3       simple.api.SimpleMenuActions::IlIIIlIIIl (10 bytes)
Event: 321.751 Thread 0x000002182f180800 nmethod 10278 0x000002180a682cd0 code [0x000002180a682e20, 0x000002180a682fb8]

GC Heap History (10 events):
Event: 80.422 GC heap before
{Heap before GC invocations=19 (full 7):
 PSYoungGen      total 470528K, used 457728K [0x0000000715b80000, 0x000000073a180000, 0x00000007c0000000)
  eden space 457728K, 100% used [0x0000000715b80000,0x0000000731a80000,0x0000000731a80000)
  from space 12800K, 0% used [0x0000000731a80000,0x0000000731a80000,0x0000000732700000)
  to   space 69120K, 0% used [0x0000000735e00000,0x0000000735e00000,0x000000073a180000)
 ParOldGen       total 345600K, used 133180K [0x00000005c1200000, 0x00000005d6380000, 0x0000000715b80000)
  object space 345600K, 38% used [0x00000005c1200000,0x00000005c940f3e0,0x00000005d6380000)
 Metaspace       used 39386K, capacity 40483K, committed 40576K, reserved 1085440K
  class space    used 4181K, capacity 4422K, committed 4480K, reserved 1048576K
Event: 80.427 GC heap after
Heap after GC invocations=19 (full 7):
 PSYoungGen      total 529408K, used 17877K [0x0000000715b80000, 0x0000000744280000, 0x00000007c0000000)
  eden space 460288K, 0% used [0x0000000715b80000,0x0000000715b80000,0x0000000731d00000)
  from space 69120K, 25% used [0x0000000735e00000,0x0000000736f756a0,0x000000073a180000)
  to   space 66560K, 0% used [0x0000000731d00000,0x0000000731d00000,0x0000000735e00000)
 ParOldGen       total 345600K, used 133188K [0x00000005c1200000, 0x00000005d6380000, 0x0000000715b80000)
  object space 345600K, 38% used [0x00000005c1200000,0x00000005c94113e0,0x00000005d6380000)
 Metaspace       used 39386K, capacity 40483K, committed 40576K, reserved 1085440K
  class space    used 4181K, capacity 4422K, committed 4480K, reserved 1048576K
}
Event: 115.886 GC heap before
{Heap before GC invocations=20 (full 7):
 PSYoungGen      total 529408K, used 204609K [0x0000000715b80000, 0x0000000744280000, 0x00000007c0000000)
  eden space 460288K, 40% used [0x0000000715b80000,0x00000007211dafc0,0x0000000731d00000)
  from space 69120K, 25% used [0x0000000735e00000,0x0000000736f756a0,0x000000073a180000)
  to   space 66560K, 0% used [0x0000000731d00000,0x0000000731d00000,0x0000000735e00000)
 ParOldGen       total 345600K, used 133188K [0x00000005c1200000, 0x00000005d6380000, 0x0000000715b80000)
  object space 345600K, 38% used [0x00000005c1200000,0x00000005c94113e0,0x00000005d6380000)
 Metaspace       used 39794K, capacity 40861K, committed 41088K, reserved 1085440K
  class space    used 4192K, capacity 4433K, committed 4480K, reserved 1048576K
Event: 115.890 GC heap after
Heap after GC invocations=20 (full 7):
 PSYoungGen      total 526848K, used 8433K [0x0000000715b80000, 0x0000000744080000, 0x00000007c0000000)
  eden space 460288K, 0% used [0x0000000715b80000,0x0000000715b80000,0x0000000731d00000)
  from space 66560K, 12% used [0x0000000731d00000,0x000000073253c480,0x0000000735e00000)
  to   space 65536K, 0% used [0x0000000740080000,0x0000000740080000,0x0000000744080000)
 ParOldGen       total 345600K, used 133196K [0x00000005c1200000, 0x00000005d6380000, 0x0000000715b80000)
  object space 345600K, 38% used [0x00000005c1200000,0x00000005c94133e0,0x00000005d6380000)
 Metaspace       used 39794K, capacity 40861K, committed 41088K, reserved 1085440K
  class space    used 4192K, capacity 4433K, committed 4480K, reserved 1048576K
}
Event: 115.890 GC heap before
{Heap before GC invocations=21 (full 8):
 PSYoungGen      total 526848K, used 8433K [0x0000000715b80000, 0x0000000744080000, 0x00000007c0000000)
  eden space 460288K, 0% used [0x0000000715b80000,0x0000000715b80000,0x0000000731d00000)
  from space 66560K, 12% used [0x0000000731d00000,0x000000073253c480,0x0000000735e00000)
  to   space 65536K, 0% used [0x0000000740080000,0x0000000740080000,0x0000000744080000)
 ParOldGen       total 345600K, used 133196K [0x00000005c1200000, 0x00000005d6380000, 0x0000000715b80000)
  object space 345600K, 38% used [0x00000005c1200000,0x00000005c94133e0,0x00000005d6380000)
 Metaspace       used 39794K, capacity 40861K, committed 41088K, reserved 1085440K
  class space    used 4192K, capacity 4433K, committed 4480K, reserved 1048576K
Event: 115.985 GC heap after
Heap after GC invocations=21 (full 8):
 PSYoungGen      total 526848K, used 0K [0x0000000715b80000, 0x0000000744080000, 0x00000007c0000000)
  eden space 460288K, 0% used [0x0000000715b80000,0x0000000715b80000,0x0000000731d00000)
  from space 66560K, 0% used [0x0000000731d00000,0x0000000731d00000,0x0000000735e00000)
  to   space 65536K, 0% used [0x0000000740080000,0x0000000740080000,0x0000000744080000)
 ParOldGen       total 345600K, used 127528K [0x00000005c1200000, 0x00000005d6380000, 0x0000000715b80000)
  object space 345600K, 36% used [0x00000005c1200000,0x00000005c8e8a140,0x00000005d6380000)
 Metaspace       used 39794K, capacity 40861K, committed 41088K, reserved 1085440K
  class space    used 4192K, capacity 4433K, committed 4480K, reserved 1048576K
}
Event: 116.026 GC heap before
{Heap before GC invocations=22 (full 8):
 PSYoungGen      total 526848K, used 15007K [0x0000000715b80000, 0x0000000744080000, 0x00000007c0000000)
  eden space 460288K, 3% used [0x0000000715b80000,0x0000000716a27dc0,0x0000000731d00000)
  from space 66560K, 0% used [0x0000000731d00000,0x0000000731d00000,0x0000000735e00000)
  to   space 65536K, 0% used [0x0000000740080000,0x0000000740080000,0x0000000744080000)
 ParOldGen       total 345600K, used 127528K [0x00000005c1200000, 0x00000005d6380000, 0x0000000715b80000)
  object space 345600K, 36% used [0x00000005c1200000,0x00000005c8e8a140,0x00000005d6380000)
 Metaspace       used 39797K, capacity 40867K, committed 41088K, reserved 1085440K
  class space    used 4193K, capacity 4434K, committed 4480K, reserved 1048576K
Event: 116.031 GC heap after
Heap after GC invocations=22 (full 8):
 PSYoungGen      total 692224K, used 5248K [0x0000000715b80000, 0x0000000743f80000, 0x00000007c0000000)
  eden space 627712K, 0% used [0x0000000715b80000,0x0000000715b80000,0x000000073c080000)
  from space 64512K, 8% used [0x0000000740080000,0x00000007405a0000,0x0000000743f80000)
  to   space 65024K, 0% used [0x000000073c080000,0x000000073c080000,0x0000000740000000)
 ParOldGen       total 345600K, used 127528K [0x00000005c1200000, 0x00000005d6380000, 0x0000000715b80000)
  object space 345600K, 36% used [0x00000005c1200000,0x00000005c8e8a140,0x00000005d6380000)
 Metaspace       used 39797K, capacity 40867K, committed 41088K, reserved 1085440K
  class space    used 4193K, capacity 4434K, committed 4480K, reserved 1048576K
}
Event: 116.031 GC heap before
{Heap before GC invocations=23 (full 9):
 PSYoungGen      total 692224K, used 5248K [0x0000000715b80000, 0x0000000743f80000, 0x00000007c0000000)
  eden space 627712K, 0% used [0x0000000715b80000,0x0000000715b80000,0x000000073c080000)
  from space 64512K, 8% used [0x0000000740080000,0x00000007405a0000,0x0000000743f80000)
  to   space 65024K, 0% used [0x000000073c080000,0x000000073c080000,0x0000000740000000)
 ParOldGen       total 345600K, used 127528K [0x00000005c1200000, 0x00000005d6380000, 0x0000000715b80000)
  object space 345600K, 36% used [0x00000005c1200000,0x00000005c8e8a140,0x00000005d6380000)
 Metaspace       used 39797K, capacity 40867K, committed 41088K, reserved 1085440K
  class space    used 4193K, capacity 4434K, committed 4480K, reserved 1048576K
Event: 116.097 GC heap after
Heap after GC invocations=23 (full 9):
 PSYoungGen      total 692224K, used 0K [0x0000000715b80000, 0x0000000743f80000, 0x00000007c0000000)
  eden space 627712K, 0% used [0x0000000715b80000,0x0000000715b80000,0x000000073c080000)
  from space 64512K, 0% used [0x0000000740080000,0x0000000740080000,0x0000000743f80000)
  to   space 65024K, 0% used [0x000000073c080000,0x000000073c080000,0x0000000740000000)
 ParOldGen       total 345600K, used 130664K [0x00000005c1200000, 0x00000005d6380000, 0x0000000715b80000)
  object space 345600K, 37% used [0x00000005c1200000,0x00000005c919a350,0x00000005d6380000)
 Metaspace       used 39797K, capacity 40867K, committed 41088K, reserved 1085440K
  class space    used 4193K, capacity 4434K, committed 4480K, reserved 1048576K
}

Deoptimization events (10 events):
Event: 311.993 Thread 0x0000021831121800 Uncommon trap: reason=class_check action=maybe_recompile pc=0x000002180a8505f4 method=sun.java2d.pisces.Stroker$PolyStack.pop(Lsun/awt/geom/PathConsumer2D;)V @ 217
Event: 311.993 Thread 0x0000021831121800 Uncommon trap: reason=class_check action=maybe_recompile pc=0x000002180a8505f4 method=sun.java2d.pisces.Stroker$PolyStack.pop(Lsun/awt/geom/PathConsumer2D;)V @ 217
Event: 311.993 Thread 0x0000021831121800 Uncommon trap: reason=unstable_if action=reinterpret pc=0x000002180b98d538 method=java.awt.GradientPaintContext.<init>(Ljava/awt/image/ColorModel;Ljava/awt/geom/Point2D;Ljava/awt/geom/Point2D;Ljava/awt/geom/AffineTransform;Ljava/awt/Color;Ljava/awt/Color;
Event: 311.993 Thread 0x0000021831121800 Uncommon trap: reason=unstable_if action=reinterpret pc=0x000002180af75568 method=java.awt.GradientPaintContext.clipFillRaster([IIIIIDDD)V @ 58
Event: 311.993 Thread 0x0000021831121800 Uncommon trap: reason=class_check action=maybe_recompile pc=0x000002180a8a3c08 method=sun.java2d.pisces.Stroker.emitMoveTo(FF)V @ 6
Event: 311.993 Thread 0x0000021831121800 Uncommon trap: reason=class_check action=maybe_recompile pc=0x000002180a8505f4 method=sun.java2d.pisces.Stroker$PolyStack.pop(Lsun/awt/geom/PathConsumer2D;)V @ 217
Event: 311.993 Thread 0x0000021831121800 Uncommon trap: reason=class_check action=maybe_recompile pc=0x000002180a8505f4 method=sun.java2d.pisces.Stroker$PolyStack.pop(Lsun/awt/geom/PathConsumer2D;)V @ 217
Event: 311.994 Thread 0x0000021831121800 Uncommon trap: reason=class_check action=maybe_recompile pc=0x000002180a8a3c08 method=sun.java2d.pisces.Stroker.emitMoveTo(FF)V @ 6
Event: 311.994 Thread 0x0000021831121800 Uncommon trap: reason=class_check action=maybe_recompile pc=0x000002180a8a3c08 method=sun.java2d.pisces.Stroker.emitMoveTo(FF)V @ 6
Event: 314.703 Thread 0x0000021831121800 Uncommon trap: reason=unstable_if action=reinterpret pc=0x000002180b7a3ac8 method=org.pushingpixels.substance.api.SubstanceColorSchemeBundle.a(Lorg/pushingpixels/substance/api/ComponentState;)Lorg/pushingpixels/substance/api/colorscheme/SubstanceColorSche

Classes redefined (4 events):
Event: 208.374 Thread 0x000002182c2ab000 redefined class name=script.LMS, count=1
Event: 208.417 Thread 0x000002182c2ab000 redefined class name=script.LMS$1, count=1
Event: 302.245 Thread 0x000002182c2ab000 redefined class name=script.LMS, count=2
Event: 302.287 Thread 0x000002182c2ab000 redefined class name=script.LMS$1, count=2

Internal exceptions (10 events):
Event: 301.279 Thread 0x0000021831593000 Implicit null exception at 0x000002180bb24cb9 to 0x000002180bb2698d
Event: 301.280 Thread 0x0000021831593000 Exception <a 'java/lang/NullPointerException'> (0x000000071dbe6528) thrown at [J:\jenkins\tmp\workspace\build\src\hotspot\src\share\vm\runtime\sharedRuntime.cpp, line 609]
Event: 301.518 Thread 0x0000021831593000 Implicit null exception at 0x000002180bb24cb9 to 0x000002180bb2698d
Event: 301.518 Thread 0x0000021831593000 Exception <a 'java/lang/NullPointerException'> (0x000000071dbec068) thrown at [J:\jenkins\tmp\workspace\build\src\hotspot\src\share\vm\runtime\sharedRuntime.cpp, line 609]
Event: 301.688 Thread 0x0000021831593000 Implicit null exception at 0x000002180bb24cb9 to 0x000002180bb2698d
Event: 301.688 Thread 0x0000021831593000 Exception <a 'java/lang/NullPointerException'> (0x000000071dbf1bd0) thrown at [J:\jenkins\tmp\workspace\build\src\hotspot\src\share\vm\runtime\sharedRuntime.cpp, line 609]
Event: 301.906 Thread 0x0000021831593000 Implicit null exception at 0x000002180bb24cb9 to 0x000002180bb2698d
Event: 301.906 Thread 0x0000021831593000 Exception <a 'java/lang/NullPointerException'> (0x000000071dbf7710) thrown at [J:\jenkins\tmp\workspace\build\src\hotspot\src\share\vm\runtime\sharedRuntime.cpp, line 609]
Event: 302.124 Thread 0x0000021831593000 Implicit null exception at 0x000002180bb24cb9 to 0x000002180bb2698d
Event: 302.125 Thread 0x0000021831593000 Exception <a 'java/lang/NullPointerException'> (0x000000071dbfd278) thrown at [J:\jenkins\tmp\workspace\build\src\hotspot\src\share\vm\runtime\sharedRuntime.cpp, line 609]

Events (10 events):
Event: 322.331 Executing VM operation: GetOwnedMonitorInfo done
Event: 322.496 Executing VM operation: GetOwnedMonitorInfo
Event: 322.496 Executing VM operation: GetOwnedMonitorInfo done
Event: 322.497 Executing VM operation: GetCurrentContendedMonitor
Event: 322.497 Executing VM operation: GetCurrentContendedMonitor done
Event: 322.571 Executing VM operation: GetOwnedMonitorInfo
Event: 322.571 Executing VM operation: GetOwnedMonitorInfo done
Event: 322.571 Executing VM operation: GetCurrentContendedMonitor
Event: 322.571 Executing VM operation: GetCurrentContendedMonitor done
Event: 322.589 Executing VM operation: GetOrSetLocal


Dynamic libraries:
0x00007ff78d670000 - 0x00007ff78d6aa000 	C:\Program Files\Eclipse Adoptium\jdk-8.0.352.8-hotspot\bin\javaw.exe
0x00007ffa83870000 - 0x00007ffa83a68000 	C:\Windows\SYSTEM32\ntdll.dll
0x00007ffa82350000 - 0x00007ffa8240f000 	C:\Windows\System32\KERNEL32.DLL
0x00007ffa81590000 - 0x00007ffa81862000 	C:\Windows\System32\KERNELBASE.dll
0x00007ffa81d50000 - 0x00007ffa81dfe000 	C:\Windows\System32\ADVAPI32.dll
0x00007ffa81a80000 - 0x00007ffa81b1e000 	C:\Windows\System32\msvcrt.dll
0x00007ffa83730000 - 0x00007ffa837cc000 	C:\Windows\System32\sechost.dll
0x00007ffa830a0000 - 0x00007ffa831c4000 	C:\Windows\System32\RPCRT4.dll
0x00007ffa82ef0000 - 0x00007ffa83091000 	C:\Windows\System32\USER32.dll
0x00007ffa81050000 - 0x00007ffa81072000 	C:\Windows\System32\win32u.dll
0x00007ffa81d20000 - 0x00007ffa81d4b000 	C:\Windows\System32\GDI32.dll
0x00007ffa81310000 - 0x00007ffa8141f000 	C:\Windows\System32\gdi32full.dll
0x00007ffa81080000 - 0x00007ffa8111d000 	C:\Windows\System32\msvcp_win.dll
0x00007ffa81490000 - 0x00007ffa81590000 	C:\Windows\System32\ucrtbase.dll
0x00007ffa75240000 - 0x00007ffa754da000 	C:\Windows\WinSxS\amd64_microsoft.windows.common-controls_6595b64144ccf1df_6.0.19041.1110_none_60b5254171f9507e\COMCTL32.dll
0x00007ffa82ec0000 - 0x00007ffa82ef0000 	C:\Windows\System32\IMM32.DLL
0x00007ffa47410000 - 0x00007ffa474ff000 	C:\Program Files\Eclipse Adoptium\jdk-8.0.352.8-hotspot\jre\bin\msvcr120.dll
0x00007ffa65db0000 - 0x00007ffa65e56000 	C:\Program Files\Eclipse Adoptium\jdk-8.0.352.8-hotspot\jre\bin\msvcp120.dll
0x0000000055bb0000 - 0x0000000056422000 	C:\Program Files\Eclipse Adoptium\jdk-8.0.352.8-hotspot\jre\bin\server\jvm.dll
0x00007ffa819b0000 - 0x00007ffa819b8000 	C:\Windows\System32\PSAPI.DLL
0x00007ffa7d5c0000 - 0x00007ffa7d5c9000 	C:\Windows\SYSTEM32\WSOCK32.dll
0x00007ffa76310000 - 0x00007ffa76337000 	C:\Windows\SYSTEM32\WINMM.dll
0x00007ffa831d0000 - 0x00007ffa8323b000 	C:\Windows\System32\WS2_32.dll
0x00007ffa78cb0000 - 0x00007ffa78cba000 	C:\Windows\SYSTEM32\VERSION.dll
0x00007ffa7e610000 - 0x00007ffa7e61f000 	C:\Program Files\Eclipse Adoptium\jdk-8.0.352.8-hotspot\jre\bin\verify.dll
0x00007ffa67200000 - 0x00007ffa67229000 	C:\Program Files\Eclipse Adoptium\jdk-8.0.352.8-hotspot\jre\bin\java.dll
0x00007ffa63a20000 - 0x00007ffa63a55000 	C:\Program Files\Eclipse Adoptium\jdk-8.0.352.8-hotspot\jre\bin\jdwp.dll
0x00007ffa79650000 - 0x00007ffa79658000 	C:\Program Files\Eclipse Adoptium\jdk-8.0.352.8-hotspot\jre\bin\npt.dll
0x00007ffa63510000 - 0x00007ffa6353a000 	C:\Program Files\Eclipse Adoptium\jdk-8.0.352.8-hotspot\jre\bin\instrument.dll
0x00007ffa73c10000 - 0x00007ffa73c26000 	C:\Program Files\Eclipse Adoptium\jdk-8.0.352.8-hotspot\jre\bin\zip.dll
0x00007ffa82410000 - 0x00007ffa82b55000 	C:\Windows\System32\SHELL32.dll
0x00007ffa7f050000 - 0x00007ffa7f7e2000 	C:\Windows\SYSTEM32\windows.storage.dll
0x00007ffa82b60000 - 0x00007ffa82eb5000 	C:\Windows\System32\combase.dll
0x00007ffa809d0000 - 0x00007ffa80a00000 	C:\Windows\SYSTEM32\Wldp.dll
0x00007ffa82110000 - 0x00007ffa821bd000 	C:\Windows\System32\SHCORE.dll
0x00007ffa821c0000 - 0x00007ffa82215000 	C:\Windows\System32\shlwapi.dll
0x00007ffa80eb0000 - 0x00007ffa80ecf000 	C:\Windows\SYSTEM32\profapi.dll
0x00007ffa73d70000 - 0x00007ffa73d79000 	C:\Program Files\Eclipse Adoptium\jdk-8.0.352.8-hotspot\jre\bin\dt_socket.dll
0x00007ffa53e80000 - 0x00007ffa53e97000 	C:\Windows\system32\napinsp.dll
0x00007ffa53e60000 - 0x00007ffa53e7b000 	C:\Windows\system32\pnrpnsp.dll
0x00007ffa5f350000 - 0x00007ffa5f365000 	C:\Windows\system32\wshbth.dll
0x00007ffa7cfe0000 - 0x00007ffa7cffd000 	C:\Windows\system32\NLAapi.dll
0x00007ffa803d0000 - 0x00007ffa8040b000 	C:\Windows\SYSTEM32\IPHLPAPI.DLL
0x00007ffa80730000 - 0x00007ffa8079a000 	C:\Windows\System32\mswsock.dll
0x00007ffa80410000 - 0x00007ffa804db000 	C:\Windows\SYSTEM32\DNSAPI.dll
0x00007ffa819a0000 - 0x00007ffa819a8000 	C:\Windows\System32\NSI.dll
0x00007ffa53e40000 - 0x00007ffa53e52000 	C:\Windows\System32\winrnr.dll
0x00007ffa7a140000 - 0x00007ffa7a1c0000 	C:\Windows\System32\fwpuclnt.dll
0x00007ffa81020000 - 0x00007ffa81047000 	C:\Windows\System32\bcrypt.dll
0x00007ffa7a220000 - 0x00007ffa7a22a000 	C:\Windows\System32\rasadhlp.dll
0x00007ffa0e3d0000 - 0x00007ffa0e565000 	C:\Program Files\Eclipse Adoptium\jdk-8.0.352.8-hotspot\jre\bin\awt.dll
0x00007ffa81b20000 - 0x00007ffa81bed000 	C:\Windows\System32\OLEAUT32.dll
0x00007ffa7e7a0000 - 0x00007ffa7e830000 	C:\Windows\SYSTEM32\apphelp.dll
0x00007ffa634e0000 - 0x00007ffa63503000 	C:\Program Files\Eclipse Adoptium\jdk-8.0.352.8-hotspot\jre\bin\sunec.dll
0x00007ffa80920000 - 0x00007ffa80938000 	C:\Windows\SYSTEM32\CRYPTSP.dll
0x00007ffa7ffe0000 - 0x00007ffa80014000 	C:\Windows\system32\rsaenh.dll
0x00007ffa80e70000 - 0x00007ffa80e9e000 	C:\Windows\SYSTEM32\USERENV.dll
0x00007ffa81280000 - 0x00007ffa81302000 	C:\Windows\System32\bcryptprimitives.dll
0x00007ffa80940000 - 0x00007ffa8094c000 	C:\Windows\SYSTEM32\CRYPTBASE.dll
0x00007ffa73160000 - 0x00007ffa7317a000 	C:\Program Files\Eclipse Adoptium\jdk-8.0.352.8-hotspot\jre\bin\net.dll
0x00007ffa7bbe0000 - 0x00007ffa7bbf7000 	C:\Windows\SYSTEM32\dhcpcsvc6.DLL
0x00007ffa7b990000 - 0x00007ffa7b9ad000 	C:\Windows\SYSTEM32\dhcpcsvc.DLL
0x00007ffa730c0000 - 0x00007ffa730d2000 	C:\Program Files\Eclipse Adoptium\jdk-8.0.352.8-hotspot\jre\bin\nio.dll
0x00007ffa73bd0000 - 0x00007ffa73bdc000 	C:\Program Files\Eclipse Adoptium\jdk-8.0.352.8-hotspot\jre\bin\sunmscapi.dll
0x00007ffa81120000 - 0x00007ffa81276000 	C:\Windows\System32\CRYPT32.dll
0x00007ffa80a40000 - 0x00007ffa80a67000 	C:\Windows\SYSTEM32\ncrypt.dll
0x00007ffa80a00000 - 0x00007ffa80a3b000 	C:\Windows\SYSTEM32\NTASN1.dll
0x00007ffa7eb60000 - 0x00007ffa7eb8f000 	C:\Windows\system32\DWMAPI.DLL
0x00007ffa7e8e0000 - 0x00007ffa7e97e000 	C:\Windows\system32\uxtheme.dll
0x00007ffa580c0000 - 0x00007ffa581e5000 	C:\Windows\system32\opengl32.dll
0x00007ffa66bb0000 - 0x00007ffa66bdc000 	C:\Windows\SYSTEM32\GLU32.dll
0x00007ffa82230000 - 0x00007ffa82344000 	C:\Windows\System32\MSCTF.dll
0x00007ffa81bf0000 - 0x00007ffa81d1a000 	C:\Windows\System32\ole32.dll
0x00007ffa7ee50000 - 0x00007ffa7ee62000 	C:\Windows\SYSTEM32\kernel.appcore.dll
0x00007ffa46c60000 - 0x00007ffa46e2e000 	C:\Windows\system32\d3d9.dll
0x00007ffa77990000 - 0x00007ffa77a4d000 	C:\Windows\System32\DriverStore\FileRepository\nvmdi.inf_amd64_5a1db089dddab6b2\nvldumdx.dll
0x00007ffa80b60000 - 0x00007ffa80b72000 	C:\Windows\SYSTEM32\msasn1.dll
0x00007ffa78c70000 - 0x00007ffa78ca1000 	C:\Windows\SYSTEM32\cryptnet.dll
0x00007ffa79490000 - 0x00007ffa795d8000 	C:\Windows\SYSTEM32\drvstore.dll
0x00007ffa80d20000 - 0x00007ffa80d4c000 	C:\Windows\SYSTEM32\devobj.dll
0x00007ffa81870000 - 0x00007ffa818be000 	C:\Windows\System32\cfgmgr32.dll
0x00007ffa81420000 - 0x00007ffa81489000 	C:\Windows\System32\WINTRUST.DLL
0x00007ffa81eb0000 - 0x00007ffa81ecd000 	C:\Windows\System32\imagehlp.dll
0x00007ff9f3c80000 - 0x00007ff9f6b76000 	C:\Windows\System32\DriverStore\FileRepository\nvmdi.inf_amd64_5a1db089dddab6b2\nvd3dumx.dll
0x00007ffa22dc0000 - 0x00007ffa23091000 	C:\Windows\system32\nvspcap64.dll
0x00007ffa80100000 - 0x00007ffa80133000 	C:\Windows\SYSTEM32\ntmarta.dll
0x00007ffa7f800000 - 0x00007ffa7f823000 	C:\Windows\SYSTEM32\gpapi.dll
0x00007ffa78bc0000 - 0x00007ffa78bfb000 	C:\Windows\SYSTEM32\dxcore.dll
0x00007ffa45e00000 - 0x00007ffa45ea8000 	C:\Program Files\Eclipse Adoptium\jdk-8.0.352.8-hotspot\jre\bin\freetype.dll
0x00007ffa43d20000 - 0x00007ffa43df2000 	C:\Program Files\Eclipse Adoptium\jdk-8.0.352.8-hotspot\jre\bin\fontmanager.dll
0x00007ffa81e00000 - 0x00007ffa81ea9000 	C:\Windows\System32\clbcatq.dll
0x00007ffa7b210000 - 0x00007ffa7b3c4000 	C:\Windows\SYSTEM32\WindowsCodecs.dll
0x00007ffa5aad0000 - 0x00007ffa5ab0e000 	C:\Windows\system32\dataexchange.dll
0x00007ffa7cd70000 - 0x00007ffa7cfd3000 	C:\Windows\system32\d3d11.dll
0x00007ffa7dbc0000 - 0x00007ffa7dda3000 	C:\Windows\system32\dcomp.dll
0x00007ffa7f830000 - 0x00007ffa7f923000 	C:\Windows\system32\dxgi.dll
0x00007ffa7b3d0000 - 0x00007ffa7b5d0000 	C:\Windows\system32\twinapi.appcore.dll
0x00007ffa67ea0000 - 0x00007ffa67f99000 	C:\Windows\SYSTEM32\textinputframework.dll
0x00007ffa7ddb0000 - 0x00007ffa7e10e000 	C:\Windows\System32\CoreUIComponents.dll
0x00007ffa7e490000 - 0x00007ffa7e582000 	C:\Windows\System32\CoreMessaging.dll
0x00007ffa7cc10000 - 0x00007ffa7cd64000 	C:\Windows\SYSTEM32\wintypes.dll
0x00007ffa7ace0000 - 0x00007ffa7ad8e000 	C:\Windows\SYSTEM32\mscms.dll
0x00007ffa7acc0000 - 0x00007ffa7acd1000 	C:\Windows\SYSTEM32\ColorAdapterClient.dll
0x00007ffa5f490000 - 0x00007ffa5f4d3000 	C:\Windows\SYSTEM32\icm32.dll
0x00007ffa43a90000 - 0x00007ffa43b39000 	C:\Program Files\Eclipse Adoptium\jdk-8.0.352.8-hotspot\jre\bin\mlib_image.dll
0x00007ffa58400000 - 0x00007ffa5842a000 	C:\Program Files\Eclipse Adoptium\jdk-8.0.352.8-hotspot\jre\bin\jpeg.dll

VM Arguments:
jvm_args: -agentlib:jdwp=transport=dt_socket,suspend=y,address=localhost:62452 -javaagent:C:\Users\Nick\eclipse\java-2021-06\eclipse\configuration\org.eclipse.osgi\630\0\.cp\lib\javaagent-shaded.jar -Dfile.encoding=windows-1252 
java_command: simple.Loader
java_class_path (initial): C:\Users\Nick\SPK Scripts\V-SPK LMS\target\test-classes;C:\Users\Nick\SPK Scripts\V-SPK LMS\target\classes;C:\Users\Nick\SPK Scripts\V-SPKAPI\target\classes;C:\Users\nick\.simplebot\assets\spawnpk\simplebot-api.jar;C:\Users\nick\.simplebot\assets\spawnpk\spawnpk-client.jar;C:\Users\Nick\eclipse\java-2021-06\eclipse\configuration\org.eclipse.osgi\630\0\.cp\lib\javaagent-shaded.jar
Launcher Type: SUN_STANDARD

Environment Variables:
PATH=C:\Program Files\Eclipse Adoptium\jdk-8.0.352.8-hotspot\jre\bin;C:/Users/Nick/.p2/pool/plugins/org.eclipse.justj.openjdk.hotspot.jre.full.win32.x86_64_19.0.0.v20221005-1658/jre/bin/server;C:/Users/Nick/.p2/pool/plugins/org.eclipse.justj.openjdk.hotspot.jre.full.win32.x86_64_19.0.0.v20221005-1658/jre/bin;C:\Program Files\Eclipse Adoptium\jdk-17.0.6.10-hotspot\bin;C:\Program Files\Common Files\Oracle\Java\javapath;C:\Program Files\Microsoft\jdk-11.0.18.10-hotspot\bin;C:\Program Files\Eclipse Adoptium\jdk-11.0.18.10-hotspot\bin;C:\Program Files\Eclipse Adoptium\jdk-8.0.352.8-hotspot\bin;C:\Program Files\Oculus\Support\oculus-runtime;C:\Program Files (x86)\Common Files\Oracle\Java\javapath;C:\Windows\system32;C:\Windows;C:\Windows\System32\Wbem;C:\Windows\System32\WindowsPowerShell\v1.0\;C:\Windows\System32\OpenSSH\;C:\Program Files\Mullvad VPN\resources;C:\Program Files\NVIDIA Corporation\NVIDIA NvDLISR;C:\Program Files (x86)\NVIDIA Corporation\PhysX\Common;C:\Users\Nick\AppData\Local\Microsoft\WindowsApps;C:\Users\Nick\AppData\Local\GitHubDesktop\bin;C:\Windows\system32;
USERNAME=Nick
OS=Windows_NT
PROCESSOR_IDENTIFIER=AMD64 Family 23 Model 113 Stepping 0, AuthenticAMD



---------------  S Y S T E M  ---------------

OS: Windows 10.0 , 64 bit Build 19041 (10.0.19041.2546)

CPU:total 16 (initial active 16) (16 cores per cpu, 1 threads per core) family 23 model 113 stepping 0, cmov, cx8, fxsr, mmx, sse, sse2, sse3, ssse3, sse4.1, sse4.2, popcnt, avx, avx2, aes, clmul, mmxext, 3dnowpref, lzcnt, sse4a, tsc, tscinvbit, tscinv, bmi1

Memory: 4k page, physical 33478228k(18439372k free), swap 43963988k(18548484k free)

vm_info: OpenJDK 64-Bit Server VM (25.352-b08) for windows-amd64 JRE (1.8.0_352-b08), built on Oct 20 2022 08:58:51 by "jenkins" with MS VC++ 12.0 (VS2013)

time: Sun Apr 02 17:29:47 2023
timezone: W. Europe Summer Time
elapsed time: 322.601215 seconds (0d 0h 5m 22s)

